<?xml version="1.0" encoding="UTF-8"?>
<!-- Generated by org.testng.reporters.JUnitReportReporter -->
<testsuite hostname="93XL7M3" failures="0" tests="1" name="test.MainTest" time="23.131" errors="0" timestamp="2023-07-05T15:26:35 ICT" skipped="0">
  <testcase classname="test.MainTest" name="loginSuccessfulTest" time="23.131"/>
  <system-out/>
</testsuite> <!-- test.MainTest -->
