<?xml version="1.0" encoding="UTF-8"?>
<!-- Generated by org.testng.reporters.JUnitReportReporter -->
<testsuite hostname="93XL7M3" failures="0" tests="1" name="test.MainTest" time="17.283" errors="0" timestamp="2023-07-05T10:31:30 ICT" skipped="0">
  <testcase classname="test.MainTest" name="loginSuccessfulTest" time="17.283"/>
  <system-out/>
</testsuite> <!-- test.MainTest -->
