<?xml version="1.0" encoding="UTF-8"?>
<!-- Generated by org.testng.reporters.JUnitReportReporter -->
<testsuite hostname="93XL7M3" failures="0" tests="1" name="test.MainTest" time="18.667" errors="0" timestamp="2023-06-27T23:56:34 ICT" skipped="0">
  <testcase classname="test.MainTest" name="loginSuccessfulTest" time="18.667"/>
  <system-out/>
</testsuite> <!-- test.MainTest -->
