<?xml version="1.0" encoding="UTF-8"?>
<!-- Generated by org.testng.reporters.JUnitReportReporter -->
<testsuite hostname="93XL7M3" failures="0" tests="1" name="test.MainTest" time="8.585" errors="0" timestamp="2023-07-05T13:57:27 ICT" skipped="0">
  <testcase classname="test.MainTest" name="loginSuccessfulTest" time="8.585"/>
  <system-out/>
</testsuite> <!-- test.MainTest -->
